********************************************************************************
DUPLICATOR-LITE PACKAGE-LOG: June 3, 2019 9:00 pm
NOTICE: Do NOT post to public sites or forums 
********************************************************************************
VERSION:	1.3.14
WORDPRESS:	5.2.1
PHP INFO:	7.2.18 | SAPI: apache2handler
SERVER:		Apache/2.4.39 (Win64) PHP/7.2.18 
PHP TIME LIMIT: (0) no time limit imposed 
PHP MAX MEMORY: 4294967296 (128M default) 
MEMORY STACK: 2MB 

********************************************************************************
DATABASE:
********************************************************************************
BUILD MODE:   PHP(query limit - 100)
MYSQLTIMEOUT: 5000
MYSQLDUMP:    Not Supported 
TABLES: total:13 | filtered:0 | create:13 
FILTERED: [] 
SQL CREATED: 20190603_committeeofpublicationforso_dd1e325afd7201d88707_20190603210046_database.sql 
SQL FILE SIZE: 891.21KB (912594) 
SQL FILE TIME: 2019-06-03 21:00:57 
SQL RUNTIME: 0.91 sec. 

******************************************************************************** 
ARCHIVE (ZIP): 
******************************************************************************** 
ARCHIVE DIR:  C:/Users/micha/OneDrive/ComSCSite/wamp64/www/mySite 
ARCHIVE FILE: 20190603_committeeofpublicationforso_dd1e325afd7201d88707_20190603210046_archive.zip 
FILTERS: *OFF* 
DIRS:
	not set 
FILES:
	not set 
EXTS:  not set 
---------------------------------------- 
COMPRESSING 
SIZE:	84.52MB 
STATS:	Dirs 700 | Files 4,439 
SQL ADDED: 20190603_committeeofpublicationforso_dd1e325afd7201d88707_20190603210046_database.sql 
ZipArchive Object
(
    [status] => 0
    [statusSys] => 0
    [numFiles] => 5139
    [filename] => C:\Users\micha\OneDrive\ComSCSite\wamp64\www\mySite\wp-snapshots\tmp\20190603_committeeofpublicationforso_dd1e325afd7201d88707_20190603210046_archive.zip
    [comment] => 
)
 
FILE ADDED TO ZIP: 5138 
COMPRESSION RESULT: '1' 
COMPRESSED SIZE: 34.27MB 
ARCHIVE RUNTIME: 20.02 sec. 
MEMORY STACK: 90MB 
building installer 
add_extra_files1 
add_extra_files2 
add_extra_files3 
add_extra_files4 
Doing archive file check 
add_extra_files5 
add_extra_files6 
add_extra_files8 
Successfully opened zip C:/Users/micha/OneDrive/ComSCSite/wamp64/www/mySite/wp-snapshots/tmp/20190603_committeeofpublicationforso_dd1e325afd7201d88707_20190603210046_archive.zip 
Adding enhanced installer files to archive using ZipArchive 
Installer files added to archive 
Added to archive 
After ziparchive close when adding installer 

******************************************************************************** 
INTEGRITY CHECKS: 
******************************************************************************** 
SQL FILE: 891.21KB 
INSTALLER FILE: 47.42KB 
ARCHIVE FILE: 35.58MB  
EXPECTED FILE/DIRECTORY COUNT: 5,139 
ACTUAL FILE/DIRECTORY COUNT: 5,138 
ARCHIVE CONSISTENCY TEST: Pass 

********************************************************************************
RECORD ID:[1]
TOTAL PROCESS RUNTIME: 25.13 sec.
PEAK PHP MEMORY USED: 90MB
DONE PROCESSING => 20190603_committeeofpublicationforso June 3, 2019 9:01 pm
 
